0 info it worked if it ends with ok
1 verbose cli [ 'C:\\Program Files\\nodejs\\node.exe',
1 verbose cli   'C:\\Program Files\\nodejs\\node_modules\\npm\\bin\\npm-cli.js',
1 verbose cli   'run',
1 verbose cli   'build:prod' ]
2 info using npm@3.10.10
3 info using node@v6.11.0
4 verbose run-script [ 'prebuild:prod', 'build:prod', 'postbuild:prod' ]
5 info lifecycle styleguide-react@1.0.2~prebuild:prod: styleguide-react@1.0.2
6 silly lifecycle styleguide-react@1.0.2~prebuild:prod: no script for prebuild:prod, continuing
7 info lifecycle styleguide-react@1.0.2~build:prod: styleguide-react@1.0.2
8 verbose lifecycle styleguide-react@1.0.2~build:prod: unsafe-perm in lifecycle true
9 verbose lifecycle styleguide-react@1.0.2~build:prod: PATH: C:\Program Files\nodejs\node_modules\npm\bin\node-gyp-bin;c:\Code\stockport-styleguide\node_modules\.bin;C:\Program Files\Git\mingw64\bin;C:\Program Files\Git\usr\bin;P:\bin;C:\ProgramData\Oracle\Java\javapath;C:\WINDOWS\system32;C:\WINDOWS;C:\WINDOWS\System32\Wbem;C:\WINDOWS\System32\WindowsPowerShell\v1.0;C:\Program Files\Microsoft SQL Server\130\Tools\Binn;C:\Program Files\dotnet;C:\Program Files (x86)\dotnet;C:\Program Files\nodejs;C:\Program Files\TortoiseGit\bin;C:\Program Files (x86)\GnuWin32\bin;C:\Program Files (x86)\Microsoft ASP.NET\ASP.NET Web Pages\v1.0;C:\Users\mohammed.ntambiye\AppData\Roaming\npm;\\scnses\users\mohammed.ntambiye\Documents\paython;\\scnses\users\mohammed.ntambiye\Documents\paython\Scripts;C:\Program Files\Microsoft VS Code\bin;C:\Code\gkDriver;C:\Code;C:\Users\mohammed.ntambiye\AppData\Local\Programs\Fiddler
10 verbose lifecycle styleguide-react@1.0.2~build:prod: CWD: c:\Code\stockport-styleguide
11 silly lifecycle styleguide-react@1.0.2~build:prod: Args: [ '/d /s /c', 'webpack --config webpack.config.prod.js' ]
12 silly lifecycle styleguide-react@1.0.2~build:prod: Returned: code: 2  signal: null
13 info lifecycle styleguide-react@1.0.2~build:prod: Failed to exec build:prod script
14 verbose stack Error: styleguide-react@1.0.2 build:prod: `webpack --config webpack.config.prod.js`
14 verbose stack Exit status 2
14 verbose stack     at EventEmitter.<anonymous> (C:\Program Files\nodejs\node_modules\npm\lib\utils\lifecycle.js:255:16)
14 verbose stack     at emitTwo (events.js:106:13)
14 verbose stack     at EventEmitter.emit (events.js:191:7)
14 verbose stack     at ChildProcess.<anonymous> (C:\Program Files\nodejs\node_modules\npm\lib\utils\spawn.js:40:14)
14 verbose stack     at emitTwo (events.js:106:13)
14 verbose stack     at ChildProcess.emit (events.js:191:7)
14 verbose stack     at maybeClose (internal/child_process.js:891:16)
14 verbose stack     at Process.ChildProcess._handle.onexit (internal/child_process.js:226:5)
15 verbose pkgid styleguide-react@1.0.2
16 verbose cwd c:\Code\stockport-styleguide
17 error Windows_NT 10.0.10586
18 error argv "C:\\Program Files\\nodejs\\node.exe" "C:\\Program Files\\nodejs\\node_modules\\npm\\bin\\npm-cli.js" "run" "build:prod"
19 error node v6.11.0
20 error npm  v3.10.10
21 error code ELIFECYCLE
22 error styleguide-react@1.0.2 build:prod: `webpack --config webpack.config.prod.js`
22 error Exit status 2
23 error Failed at the styleguide-react@1.0.2 build:prod script 'webpack --config webpack.config.prod.js'.
23 error Make sure you have the latest version of node.js and npm installed.
23 error If you do, this is most likely a problem with the styleguide-react package,
23 error not with npm itself.
23 error Tell the author that this fails on your system:
23 error     webpack --config webpack.config.prod.js
23 error You can get information on how to open an issue for this project with:
23 error     npm bugs styleguide-react
23 error Or if that isn't available, you can get their info via:
23 error     npm owner ls styleguide-react
23 error There is likely additional logging output above.
24 verbose exit [ 1, true ]
